<?xml version="1.0" encoding="UTF-8"?>
<!-- Generated by org.testng.reporters.JUnitReportReporter -->
<testsuite hostname="MANGESH" failures="0" tests="5" name="testPackage.TestClassA" time="0.017" errors="0" timestamp="2022-07-09T15:34:41 IST" skipped="0">
  <testcase classname="testPackage.TestClassA" name="test1" time="0.003"/>
  <system-out/>
  <testcase classname="testPackage.TestClassA" name="test1" time="0.002"/>
  <system-out/>
  <testcase classname="testPackage.TestClassA" name="test3" time="0.002"/>
  <system-out/>
  <testcase classname="testPackage.TestClassA" name="test4" time="0.003"/>
  <system-out/>
  <testcase classname="testPackage.TestClassA" name="test2" time="0.007"/>
  <system-out/>
</testsuite> <!-- testPackage.TestClassA -->
